<?xml version="1.0" encoding="UTF-8"?>
<testng-results skipped="0" failed="0" total="1" passed="1">
  <reporter-output>
  </reporter-output>
  <suite name="Surefire suite" duration-ms="276" started-at="2018-12-14T09:37:39Z" finished-at="2018-12-14T09:37:40Z">
    <groups>
    </groups>
    <test name="Surefire test" duration-ms="276" started-at="2018-12-14T09:37:39Z" finished-at="2018-12-14T09:37:40Z">
      <class name="FinalProject.CalculatorTest">
        <test-method status="PASS" signature="test()[pri:0, instance:test(FinalProject.CalculatorTest)]" name="test" duration-ms="36" started-at="2018-12-14T10:37:40Z" finished-at="2018-12-14T10:37:40Z">
          <reporter-output>
          </reporter-output>
        </test-method> <!-- test -->
      </class> <!-- FinalProject.CalculatorTest -->
    </test> <!-- Surefire test -->
  </suite> <!-- Surefire suite -->
</testng-results>
